2024-10-13 12:56:52,055 - INFO - Data Loaded Successfully
2024-10-13 12:56:52,408 - DEBUG - cmd: where.exe tbb.dll
cwd: None
2024-10-13 12:56:52,497 - DEBUG - Adding TBB (C:\ProgramData\anaconda3\Lib\site-packages\prophet\stan_model\cmdstan-2.33.1\stan\lib\stan_math\lib\tbb) to PATH
2024-10-13 12:56:52,509 - INFO - Disabling daily seasonality. Run prophet with daily_seasonality=True to override this.
2024-10-13 12:56:52,527 - DEBUG - input tempfile: C:\Users\Fadhil\AppData\Local\Temp\tmpj0dt_x2d\60r5kcb9.json
2024-10-13 12:56:52,564 - DEBUG - input tempfile: C:\Users\Fadhil\AppData\Local\Temp\tmpj0dt_x2d\jp9_z6dc.json
2024-10-13 12:56:52,569 - DEBUG - idx 0
2024-10-13 12:56:52,569 - DEBUG - running CmdStan, num_threads: None
2024-10-13 12:56:52,569 - DEBUG - CmdStan args: ['C:\\ProgramData\\anaconda3\\Lib\\site-packages\\prophet\\stan_model\\prophet_model.bin', 'random', 'seed=10486', 'data', 'file=C:\\Users\\Fadhil\\AppData\\Local\\Temp\\tmpj0dt_x2d\\60r5kcb9.json', 'init=C:\\Users\\Fadhil\\AppData\\Local\\Temp\\tmpj0dt_x2d\\jp9_z6dc.json', 'output', 'file=C:\\Users\\Fadhil\\AppData\\Local\\Temp\\tmpj0dt_x2d\\prophet_modeld4v_31fs\\prophet_model-20241013125652.csv', 'method=optimize', 'algorithm=lbfgs', 'iter=10000']
2024-10-13 12:56:52,569 - INFO - Chain [1] start processing
2024-10-13 12:56:53,894 - INFO - Chain [1] done processing
2024-10-13 12:56:54,007 - INFO - Model Trained Successfully
2024-10-13 12:56:54,008 - INFO - Prophet Params Successfully Extracted
2024-10-13 12:56:56,974 - INFO - Process Completed
2024-10-14 12:00:26,763 - INFO - Data Loaded Successfully
2024-10-14 12:00:26,764 - INFO - Error Training Model: [Errno 2] No such file or directory: '../notebooks/best_params.json'
2024-10-14 12:02:15,454 - INFO - Data Loaded Successfully
2024-10-14 12:02:15,454 - INFO - Error Training Model: [Errno 2] No such file or directory: '../notebooks/best_params.json'
2024-10-14 12:02:32,643 - INFO - Data Loaded Successfully
2024-10-14 12:02:32,643 - INFO - Error Training Model: [Errno 2] No such file or directory: '../notebooks/best_params.json'
2024-10-14 12:03:04,967 - INFO - Data Loaded Successfully
2024-10-14 12:03:04,968 - INFO - Error Training Model: [Errno 2] No such file or directory: '../notebooks/best_params.json'
2024-10-14 12:27:52,847 - INFO - Error Loading Data: [Errno 2] No such file or directory: '../../data/processed/df_train_scaled.csv'
2024-10-14 12:29:02,599 - INFO - Data Loaded Successfully
2024-10-14 12:29:02,600 - INFO - Error Training Model: Parameter "growth" should be "linear", "logistic" or "flat".
2024-10-14 12:29:56,992 - INFO - Data Loaded Successfully
2024-10-14 12:29:56,993 - INFO - Error Training Model: Parameter "growth" should be "linear", "logistic" or "flat".
2024-10-14 12:31:11,501 - INFO - Data Loaded Successfully
2024-10-14 12:31:11,929 - DEBUG - cmd: where.exe tbb.dll
cwd: None
2024-10-14 12:31:12,017 - DEBUG - Adding TBB (C:\ProgramData\anaconda3\Lib\site-packages\prophet\stan_model\cmdstan-2.33.1\stan\lib\stan_math\lib\tbb) to PATH
2024-10-14 12:31:12,050 - DEBUG - input tempfile: C:\Users\Fadhil\AppData\Local\Temp\tmpktdiv4ws\z4ibrb45.json
2024-10-14 12:31:12,086 - DEBUG - input tempfile: C:\Users\Fadhil\AppData\Local\Temp\tmpktdiv4ws\wr7r3fc0.json
2024-10-14 12:31:12,087 - DEBUG - idx 0
2024-10-14 12:31:12,088 - DEBUG - running CmdStan, num_threads: None
2024-10-14 12:31:12,088 - DEBUG - CmdStan args: ['C:\\ProgramData\\anaconda3\\Lib\\site-packages\\prophet\\stan_model\\prophet_model.bin', 'random', 'seed=38498', 'data', 'file=C:\\Users\\Fadhil\\AppData\\Local\\Temp\\tmpktdiv4ws\\z4ibrb45.json', 'init=C:\\Users\\Fadhil\\AppData\\Local\\Temp\\tmpktdiv4ws\\wr7r3fc0.json', 'output', 'file=C:\\Users\\Fadhil\\AppData\\Local\\Temp\\tmpktdiv4ws\\prophet_modelxc1dh7et\\prophet_model-20241014123112.csv', 'method=optimize', 'algorithm=lbfgs', 'iter=10000']
2024-10-14 12:31:12,088 - INFO - Chain [1] start processing
2024-10-14 12:31:13,405 - INFO - Chain [1] done processing
2024-10-14 12:31:13,562 - INFO - Model Trained Successfully
2024-10-14 12:31:13,993 - INFO - Using categorical units to plot a list of strings that are all parsable as floats or dates. If these strings should be plotted as numbers, cast to the appropriate data type before plotting.
2024-10-14 12:31:14,004 - INFO - Using categorical units to plot a list of strings that are all parsable as floats or dates. If these strings should be plotted as numbers, cast to the appropriate data type before plotting.
2024-10-14 12:39:09,530 - INFO - Data Loaded Successfully
2024-10-14 12:40:09,519 - INFO - Error Loading Data: Missing column provided to 'parse_dates': 'date'
2024-10-14 12:43:06,523 - INFO - Error Loading Data: 'utf-8' codec can't decode byte 0x80 in position 0: invalid start byte
2024-10-14 12:43:19,765 - INFO - Error Loading Data: [Errno 2] No such file or directory: '../../data/processed/df_train.pkl'
2024-10-14 12:50:06,212 - INFO - Data Loaded Successfully
2024-10-14 12:50:38,541 - INFO - Data Loaded Successfully
2024-10-14 12:50:38,922 - DEBUG - cmd: where.exe tbb.dll
cwd: None
2024-10-14 12:50:39,014 - DEBUG - Adding TBB (C:\ProgramData\anaconda3\Lib\site-packages\prophet\stan_model\cmdstan-2.33.1\stan\lib\stan_math\lib\tbb) to PATH
2024-10-14 12:50:39,100 - DEBUG - input tempfile: C:\Users\Fadhil\AppData\Local\Temp\tmpjwxsgjjm\i2wauc_8.json
2024-10-14 12:50:39,138 - DEBUG - input tempfile: C:\Users\Fadhil\AppData\Local\Temp\tmpjwxsgjjm\f92v0vng.json
2024-10-14 12:50:39,139 - DEBUG - idx 0
2024-10-14 12:50:39,140 - DEBUG - running CmdStan, num_threads: None
2024-10-14 12:50:39,140 - DEBUG - CmdStan args: ['C:\\ProgramData\\anaconda3\\Lib\\site-packages\\prophet\\stan_model\\prophet_model.bin', 'random', 'seed=99727', 'data', 'file=C:\\Users\\Fadhil\\AppData\\Local\\Temp\\tmpjwxsgjjm\\i2wauc_8.json', 'init=C:\\Users\\Fadhil\\AppData\\Local\\Temp\\tmpjwxsgjjm\\f92v0vng.json', 'output', 'file=C:\\Users\\Fadhil\\AppData\\Local\\Temp\\tmpjwxsgjjm\\prophet_modelhuipnu0t\\prophet_model-20241014125039.csv', 'method=optimize', 'algorithm=lbfgs', 'iter=10000']
2024-10-14 12:50:39,140 - INFO - Chain [1] start processing
2024-10-14 12:50:40,411 - INFO - Chain [1] done processing
2024-10-14 12:50:40,511 - INFO - Model Trained Successfully
2024-10-14 12:50:40,865 - INFO - Prophet Params Successfully Extracted
2024-10-14 12:50:47,283 - INFO - Process Completed
2024-10-14 12:53:21,872 - INFO - Data Loaded Successfully
2024-10-14 12:53:22,282 - DEBUG - cmd: where.exe tbb.dll
cwd: None
2024-10-14 12:53:22,373 - DEBUG - Adding TBB (C:\ProgramData\anaconda3\Lib\site-packages\prophet\stan_model\cmdstan-2.33.1\stan\lib\stan_math\lib\tbb) to PATH
2024-10-14 12:53:22,385 - INFO - Disabling daily seasonality. Run prophet with daily_seasonality=True to override this.
2024-10-14 12:53:22,409 - DEBUG - input tempfile: C:\Users\Fadhil\AppData\Local\Temp\tmpk2fl_it4\s658nqp6.json
2024-10-14 12:53:22,446 - DEBUG - input tempfile: C:\Users\Fadhil\AppData\Local\Temp\tmpk2fl_it4\gl5541tq.json
2024-10-14 12:53:22,451 - DEBUG - idx 0
2024-10-14 12:53:22,451 - DEBUG - running CmdStan, num_threads: None
2024-10-14 12:53:22,451 - DEBUG - CmdStan args: ['C:\\ProgramData\\anaconda3\\Lib\\site-packages\\prophet\\stan_model\\prophet_model.bin', 'random', 'seed=58266', 'data', 'file=C:\\Users\\Fadhil\\AppData\\Local\\Temp\\tmpk2fl_it4\\s658nqp6.json', 'init=C:\\Users\\Fadhil\\AppData\\Local\\Temp\\tmpk2fl_it4\\gl5541tq.json', 'output', 'file=C:\\Users\\Fadhil\\AppData\\Local\\Temp\\tmpk2fl_it4\\prophet_modelehqw0hga\\prophet_model-20241014125322.csv', 'method=optimize', 'algorithm=lbfgs', 'iter=10000']
2024-10-14 12:53:22,451 - INFO - Chain [1] start processing
2024-10-14 12:53:24,028 - INFO - Chain [1] done processing
2024-10-14 12:53:24,140 - INFO - Model Trained Successfully
2024-10-14 12:53:24,473 - INFO - Prophet Params Successfully Extracted
2024-10-14 12:53:27,525 - INFO - Process Completed
2024-10-14 12:55:44,163 - INFO - Data Loaded Successfully
2024-10-14 12:55:44,550 - DEBUG - cmd: where.exe tbb.dll
cwd: None
2024-10-14 12:55:44,639 - DEBUG - Adding TBB (C:\ProgramData\anaconda3\Lib\site-packages\prophet\stan_model\cmdstan-2.33.1\stan\lib\stan_math\lib\tbb) to PATH
2024-10-14 12:55:44,651 - INFO - Disabling daily seasonality. Run prophet with daily_seasonality=True to override this.
2024-10-14 12:55:44,673 - DEBUG - input tempfile: C:\Users\Fadhil\AppData\Local\Temp\tmphzxhs8f8\6ugbnlxi.json
2024-10-14 12:55:44,711 - DEBUG - input tempfile: C:\Users\Fadhil\AppData\Local\Temp\tmphzxhs8f8\yxj53j28.json
2024-10-14 12:55:44,712 - DEBUG - idx 0
2024-10-14 12:55:44,712 - DEBUG - running CmdStan, num_threads: None
2024-10-14 12:55:44,712 - DEBUG - CmdStan args: ['C:\\ProgramData\\anaconda3\\Lib\\site-packages\\prophet\\stan_model\\prophet_model.bin', 'random', 'seed=15816', 'data', 'file=C:\\Users\\Fadhil\\AppData\\Local\\Temp\\tmphzxhs8f8\\6ugbnlxi.json', 'init=C:\\Users\\Fadhil\\AppData\\Local\\Temp\\tmphzxhs8f8\\yxj53j28.json', 'output', 'file=C:\\Users\\Fadhil\\AppData\\Local\\Temp\\tmphzxhs8f8\\prophet_modeluy2iuygk\\prophet_model-20241014125544.csv', 'method=optimize', 'algorithm=lbfgs', 'iter=10000']
2024-10-14 12:55:44,714 - INFO - Chain [1] start processing
2024-10-14 12:55:46,326 - INFO - Chain [1] done processing
2024-10-14 12:55:46,431 - INFO - Model Trained Successfully
2024-10-14 12:55:46,728 - INFO - Prophet Params Successfully Extracted
2024-10-14 12:55:49,665 - INFO - Process Completed
2024-10-14 12:56:02,933 - INFO - Data Loaded Successfully
2024-10-14 12:56:03,330 - DEBUG - cmd: where.exe tbb.dll
cwd: None
2024-10-14 12:56:03,418 - DEBUG - Adding TBB (C:\ProgramData\anaconda3\Lib\site-packages\prophet\stan_model\cmdstan-2.33.1\stan\lib\stan_math\lib\tbb) to PATH
2024-10-14 12:56:03,454 - DEBUG - input tempfile: C:\Users\Fadhil\AppData\Local\Temp\tmpwupz3dxp\5kabezvy.json
2024-10-14 12:56:03,491 - DEBUG - input tempfile: C:\Users\Fadhil\AppData\Local\Temp\tmpwupz3dxp\h02ba39u.json
2024-10-14 12:56:03,493 - DEBUG - idx 0
2024-10-14 12:56:03,493 - DEBUG - running CmdStan, num_threads: None
2024-10-14 12:56:03,493 - DEBUG - CmdStan args: ['C:\\ProgramData\\anaconda3\\Lib\\site-packages\\prophet\\stan_model\\prophet_model.bin', 'random', 'seed=84367', 'data', 'file=C:\\Users\\Fadhil\\AppData\\Local\\Temp\\tmpwupz3dxp\\5kabezvy.json', 'init=C:\\Users\\Fadhil\\AppData\\Local\\Temp\\tmpwupz3dxp\\h02ba39u.json', 'output', 'file=C:\\Users\\Fadhil\\AppData\\Local\\Temp\\tmpwupz3dxp\\prophet_modelw4z5q8sf\\prophet_model-20241014125603.csv', 'method=optimize', 'algorithm=lbfgs', 'iter=10000']
2024-10-14 12:56:03,493 - INFO - Chain [1] start processing
2024-10-14 12:56:04,810 - INFO - Chain [1] done processing
2024-10-14 12:56:04,931 - INFO - Model Trained Successfully
2024-10-14 12:56:05,223 - INFO - Prophet Params Successfully Extracted
2024-10-14 12:56:08,241 - INFO - Process Completed
2024-10-14 12:57:46,970 - INFO - Data Loaded Successfully
2024-10-14 12:57:47,349 - DEBUG - cmd: where.exe tbb.dll
cwd: None
2024-10-14 12:57:47,438 - DEBUG - Adding TBB (C:\ProgramData\anaconda3\Lib\site-packages\prophet\stan_model\cmdstan-2.33.1\stan\lib\stan_math\lib\tbb) to PATH
2024-10-14 12:57:47,468 - DEBUG - input tempfile: C:\Users\Fadhil\AppData\Local\Temp\tmp3jwmk8tn\b4qqb048.json
2024-10-14 12:57:47,506 - DEBUG - input tempfile: C:\Users\Fadhil\AppData\Local\Temp\tmp3jwmk8tn\b9rlcp2y.json
2024-10-14 12:57:47,511 - DEBUG - idx 0
2024-10-14 12:57:47,511 - DEBUG - running CmdStan, num_threads: None
2024-10-14 12:57:47,511 - DEBUG - CmdStan args: ['C:\\ProgramData\\anaconda3\\Lib\\site-packages\\prophet\\stan_model\\prophet_model.bin', 'random', 'seed=40276', 'data', 'file=C:\\Users\\Fadhil\\AppData\\Local\\Temp\\tmp3jwmk8tn\\b4qqb048.json', 'init=C:\\Users\\Fadhil\\AppData\\Local\\Temp\\tmp3jwmk8tn\\b9rlcp2y.json', 'output', 'file=C:\\Users\\Fadhil\\AppData\\Local\\Temp\\tmp3jwmk8tn\\prophet_modelini_5hs7\\prophet_model-20241014125747.csv', 'method=optimize', 'algorithm=lbfgs', 'iter=10000']
2024-10-14 12:57:47,511 - INFO - Chain [1] start processing
2024-10-14 12:57:49,212 - INFO - Chain [1] done processing
2024-10-14 12:57:49,299 - INFO - Model Trained Successfully
2024-10-14 12:57:49,575 - INFO - Prophet Params Successfully Extracted
2024-10-14 12:57:52,398 - INFO - Process Completed
2024-10-14 12:58:03,513 - INFO - Data Loaded Successfully
2024-10-14 12:58:03,887 - DEBUG - cmd: where.exe tbb.dll
cwd: None
2024-10-14 12:58:03,975 - DEBUG - Adding TBB (C:\ProgramData\anaconda3\Lib\site-packages\prophet\stan_model\cmdstan-2.33.1\stan\lib\stan_math\lib\tbb) to PATH
2024-10-14 12:58:03,986 - INFO - Disabling daily seasonality. Run prophet with daily_seasonality=True to override this.
2024-10-14 12:58:04,010 - DEBUG - input tempfile: C:\Users\Fadhil\AppData\Local\Temp\tmpquaw5cup\cj2nfwlx.json
2024-10-14 12:58:04,048 - DEBUG - input tempfile: C:\Users\Fadhil\AppData\Local\Temp\tmpquaw5cup\41crf2yl.json
2024-10-14 12:58:04,050 - DEBUG - idx 0
2024-10-14 12:58:04,051 - DEBUG - running CmdStan, num_threads: None
2024-10-14 12:58:04,051 - DEBUG - CmdStan args: ['C:\\ProgramData\\anaconda3\\Lib\\site-packages\\prophet\\stan_model\\prophet_model.bin', 'random', 'seed=97205', 'data', 'file=C:\\Users\\Fadhil\\AppData\\Local\\Temp\\tmpquaw5cup\\cj2nfwlx.json', 'init=C:\\Users\\Fadhil\\AppData\\Local\\Temp\\tmpquaw5cup\\41crf2yl.json', 'output', 'file=C:\\Users\\Fadhil\\AppData\\Local\\Temp\\tmpquaw5cup\\prophet_modely_54yhua\\prophet_model-20241014125804.csv', 'method=optimize', 'algorithm=lbfgs', 'iter=10000']
2024-10-14 12:58:04,051 - INFO - Chain [1] start processing
2024-10-14 12:58:05,744 - INFO - Chain [1] done processing
2024-10-14 12:58:05,854 - INFO - Model Trained Successfully
2024-10-14 12:58:06,139 - INFO - Prophet Params Successfully Extracted
2024-10-14 12:58:09,224 - INFO - Process Completed
2024-10-14 13:46:22,997 - INFO - Data Loaded Successfully
2024-10-14 13:46:23,398 - DEBUG - cmd: where.exe tbb.dll
cwd: None
2024-10-14 13:46:23,489 - DEBUG - Adding TBB (C:\ProgramData\anaconda3\Lib\site-packages\prophet\stan_model\cmdstan-2.33.1\stan\lib\stan_math\lib\tbb) to PATH
2024-10-14 13:46:23,503 - INFO - Disabling daily seasonality. Run prophet with daily_seasonality=True to override this.
2024-10-14 13:46:23,523 - DEBUG - input tempfile: C:\Users\Fadhil\AppData\Local\Temp\tmptii0heyv\wtb2a__3.json
2024-10-14 13:46:23,565 - DEBUG - input tempfile: C:\Users\Fadhil\AppData\Local\Temp\tmptii0heyv\sxh9ahsh.json
2024-10-14 13:46:23,569 - DEBUG - idx 0
2024-10-14 13:46:23,570 - DEBUG - running CmdStan, num_threads: None
2024-10-14 13:46:23,570 - DEBUG - CmdStan args: ['C:\\ProgramData\\anaconda3\\Lib\\site-packages\\prophet\\stan_model\\prophet_model.bin', 'random', 'seed=68738', 'data', 'file=C:\\Users\\Fadhil\\AppData\\Local\\Temp\\tmptii0heyv\\wtb2a__3.json', 'init=C:\\Users\\Fadhil\\AppData\\Local\\Temp\\tmptii0heyv\\sxh9ahsh.json', 'output', 'file=C:\\Users\\Fadhil\\AppData\\Local\\Temp\\tmptii0heyv\\prophet_modeljq6ghhrw\\prophet_model-20241014134623.csv', 'method=optimize', 'algorithm=lbfgs', 'iter=10000']
2024-10-14 13:46:23,570 - INFO - Chain [1] start processing
2024-10-14 13:46:24,303 - INFO - Chain [1] done processing
2024-10-14 13:46:24,386 - INFO - Model Trained Successfully
2024-10-14 13:46:24,933 - INFO - Prophet Params Successfully Extracted
2024-10-14 13:46:28,159 - INFO - Process Completed
